<?xml version="1.0" encoding="UTF-8"?>
<!-- Generated by org.testng.reporters.JUnitReportReporter -->
<testsuite hostname="Radhagobinda" failures="0" tests="1" name="testScripts.ApplyJobsTestCase" time="1034.430" errors="0" timestamp="2025-04-20T09:28:15 IST" skipped="0">
  <testcase classname="testScripts.ApplyJobsTestCase" name="ApplyJobsTestCase" time="1034.430"/>
</testsuite> <!-- testScripts.ApplyJobsTestCase -->
