<?xml version="1.0" encoding="UTF-8"?>
<!-- Generated by org.testng.reporters.JUnitReportReporter -->
<testsuite hostname="Radhagobinda" failures="0" tests="1" name="testScripts.ReferenceRequestScript" time="95.671" errors="0" timestamp="2025-04-18T08:29:34 IST" skipped="0">
  <testcase classname="testScripts.ReferenceRequestScript" name="ReferenceRequestScript" time="95.671"/>
</testsuite> <!-- testScripts.ReferenceRequestScript -->
